2025-04-06 06:28:47,896 8972 INFO ? odoo: Odoo version 18.0-20250406 
2025-04-06 06:28:47,896 8972 INFO ? odoo: Using configuration file at C:\odoo 18\server\odoo.conf 
2025-04-06 06:28:47,896 8972 INFO ? odoo: addons paths: ['C:\\odoo 18\\server\\odoo\\addons', 'c:\\odoo 18\\sessions\\addons\\18.0', 'c:\\odoo 18\\server\\odoo\\addons'] 
2025-04-06 06:28:47,896 8972 INFO ? odoo: database: openpg@localhost:5432 
2025-04-06 06:28:50,565 8972 INFO ? odoo.addons.base.models.ir_actions_report: Will use the Wkhtmltopdf binary at C:\odoo 18\thirdparty\wkhtmltopdf.exe 
2025-04-06 06:28:50,611 8972 INFO ? odoo.addons.base.models.ir_actions_report: You need Wkhtmltoimage to generate images from html. 
2025-04-06 06:28:53,779 8972 WARNING ? py.warnings: C:\odoo 18\python\Lib\site-packages\vobject\base.py:736: SyntaxWarning: invalid escape sequence '\-'
  File "C:\odoo 18\server\odoo-bin", line 8, in <module>
    odoo.cli.main()
  File "C:\odoo 18\server\odoo\cli\command.py", line 66, in main
    o.run(args)
  File "C:\odoo 18\server\odoo\cli\server.py", line 182, in run
    main(args)
  File "C:\odoo 18\server\odoo\cli\server.py", line 175, in main
    rc = odoo.service.server.start(preload=preload, stop=stop)
  File "C:\odoo 18\server\odoo\service\server.py", line 1368, in start
    load_server_wide_modules()
  File "C:\odoo 18\server\odoo\service\server.py", line 1267, in load_server_wide_modules
    odoo.modules.module.load_openerp_module(m)
  File "C:\odoo 18\server\odoo\modules\module.py", line 384, in load_openerp_module
    __import__(qualname)
  File "C:\odoo 18\server\odoo\addons\web\__init__.py", line 5, in <module>
    from . import models
  File "C:\odoo 18\server\odoo\addons\web\models\__init__.py", line 12, in <module>
    from . import res_partner
  File "C:\odoo 18\server\odoo\addons\web\models\res_partner.py", line 12, in <module>
    import vobject
  File "C:\odoo 18\python\Lib\site-packages\vobject\__init__.py", line 79, in <module>
    from .base import newFromBehavior, readOne, readComponents
  File "C:\odoo 18\python\Lib\warnings.py", line 110, in _showwarnmsg
    sw(msg.message, msg.category, msg.filename, msg.lineno,
  File "C:\odoo 18\server\odoo\netsvc.py", line 345, in showwarning_with_traceback
    for frame in traceback.extract_stack():
 
2025-04-06 06:28:53,795 8972 WARNING ? py.warnings: C:\odoo 18\python\Lib\site-packages\vobject\base.py:1219: SyntaxWarning: invalid escape sequence '\;'
  File "C:\odoo 18\server\odoo-bin", line 8, in <module>
    odoo.cli.main()
  File "C:\odoo 18\server\odoo\cli\command.py", line 66, in main
    o.run(args)
  File "C:\odoo 18\server\odoo\cli\server.py", line 182, in run
    main(args)
  File "C:\odoo 18\server\odoo\cli\server.py", line 175, in main
    rc = odoo.service.server.start(preload=preload, stop=stop)
  File "C:\odoo 18\server\odoo\service\server.py", line 1368, in start
    load_server_wide_modules()
  File "C:\odoo 18\server\odoo\service\server.py", line 1267, in load_server_wide_modules
    odoo.modules.module.load_openerp_module(m)
  File "C:\odoo 18\server\odoo\modules\module.py", line 384, in load_openerp_module
    __import__(qualname)
  File "C:\odoo 18\server\odoo\addons\web\__init__.py", line 5, in <module>
    from . import models
  File "C:\odoo 18\server\odoo\addons\web\models\__init__.py", line 12, in <module>
    from . import res_partner
  File "C:\odoo 18\server\odoo\addons\web\models\res_partner.py", line 12, in <module>
    import vobject
  File "C:\odoo 18\python\Lib\site-packages\vobject\__init__.py", line 79, in <module>
    from .base import newFromBehavior, readOne, readComponents
  File "C:\odoo 18\python\Lib\warnings.py", line 110, in _showwarnmsg
    sw(msg.message, msg.category, msg.filename, msg.lineno,
  File "C:\odoo 18\server\odoo\netsvc.py", line 345, in showwarning_with_traceback
    for frame in traceback.extract_stack():
 
2025-04-06 06:28:53,795 8972 WARNING ? py.warnings: C:\odoo 18\python\Lib\site-packages\vobject\base.py:1219: SyntaxWarning: invalid escape sequence '\,'
  File "C:\odoo 18\server\odoo-bin", line 8, in <module>
    odoo.cli.main()
  File "C:\odoo 18\server\odoo\cli\command.py", line 66, in main
    o.run(args)
  File "C:\odoo 18\server\odoo\cli\server.py", line 182, in run
    main(args)
  File "C:\odoo 18\server\odoo\cli\server.py", line 175, in main
    rc = odoo.service.server.start(preload=preload, stop=stop)
  File "C:\odoo 18\server\odoo\service\server.py", line 1368, in start
    load_server_wide_modules()
  File "C:\odoo 18\server\odoo\service\server.py", line 1267, in load_server_wide_modules
    odoo.modules.module.load_openerp_module(m)
  File "C:\odoo 18\server\odoo\modules\module.py", line 384, in load_openerp_module
    __import__(qualname)
  File "C:\odoo 18\server\odoo\addons\web\__init__.py", line 5, in <module>
    from . import models
  File "C:\odoo 18\server\odoo\addons\web\models\__init__.py", line 12, in <module>
    from . import res_partner
  File "C:\odoo 18\server\odoo\addons\web\models\res_partner.py", line 12, in <module>
    import vobject
  File "C:\odoo 18\python\Lib\site-packages\vobject\__init__.py", line 79, in <module>
    from .base import newFromBehavior, readOne, readComponents
  File "C:\odoo 18\python\Lib\warnings.py", line 110, in _showwarnmsg
    sw(msg.message, msg.category, msg.filename, msg.lineno,
  File "C:\odoo 18\server\odoo\netsvc.py", line 345, in showwarning_with_traceback
    for frame in traceback.extract_stack():
 
2025-04-06 06:28:54,044 8972 INFO ? odoo.service.server: Initiating shutdown 
2025-04-06 06:28:54,044 8972 INFO ? odoo.service.server: Hit CTRL-C again or send a second signal to force the shutdown. 
2025-04-06 06:29:03,970 35808 INFO ? odoo: Odoo version 18.0-20250406 
2025-04-06 06:29:03,970 35808 INFO ? odoo: Using configuration file at C:\odoo 18\server\odoo.conf 
2025-04-06 06:29:03,970 35808 INFO ? odoo: addons paths: ['C:\\odoo 18\\server\\odoo\\addons', 'c:\\odoo 18\\sessions\\addons\\18.0', 'c:\\odoo 18\\server\\odoo\\addons'] 
2025-04-06 06:29:03,970 35808 INFO ? odoo: database: openpg@localhost:5432 
2025-04-06 06:29:04,112 35808 INFO ? odoo.addons.base.models.ir_actions_report: Will use the Wkhtmltopdf binary at C:\odoo 18\thirdparty\wkhtmltopdf.exe 
2025-04-06 06:29:04,144 35808 INFO ? odoo.addons.base.models.ir_actions_report: You need Wkhtmltoimage to generate images from html. 
2025-04-06 06:29:04,498 35808 INFO ? odoo.service.server: HTTP service (werkzeug) running on Raneem:8069 
2025-04-06 06:29:04,539 35808 INFO ? odoo.sql_db: Connection to the database failed 
2025-04-06 06:29:04,571 35808 INFO ? odoo.sql_db: Connection to the database failed 
2025-04-06 06:35:40,547 35808 INFO ? odoo.service.server: Initiating shutdown 
2025-04-06 06:35:40,547 35808 INFO ? odoo.service.server: Hit CTRL-C again or send a second signal to force the shutdown. 
